2022-05-16 13:05:17 INFO  ManageDriver :32 - Launching Chrome Browser
2022-05-16 13:05:855 INFO  HomePage :48 - Clicking on login link : [[ChromeDriver: chrome on WINDOWS (2e84e4eeb45d97122bd063ec023bd882)] -> link text: Log in]
2022-05-16 13:05:922 INFO  LoginPage :42 - Getting text from : [[ChromeDriver: chrome on WINDOWS (2e84e4eeb45d97122bd063ec023bd882)] -> xpath: //h1[contains(text(),'Welcome, Please Sign In!')]]
2022-05-16 13:05:859 INFO  ManageDriver :32 - Launching Chrome Browser
2022-05-16 13:05:480 INFO  HomePage :48 - Clicking on login link : [[ChromeDriver: chrome on WINDOWS (21b5db654a40a3e8a9539d90f8430f8c)] -> link text: Log in]
2022-05-16 13:05:894 INFO  ManageDriver :32 - Launching Chrome Browser
2022-05-16 13:05:419 INFO  HomePage :53 - Clicking on register link : [[ChromeDriver: chrome on WINDOWS (34a6c138ee4f2b8ab25f694bad39b55e)] -> link text: Register]
2022-05-16 13:05:507 INFO  LoginPage :130 - select Gender : Female
2022-05-16 13:05:629 INFO  LoginPage :134 - Enter first name : [[ChromeDriver: chrome on WINDOWS (34a6c138ee4f2b8ab25f694bad39b55e)] -> xpath: //input[@id='FirstName']]
2022-05-16 13:05:754 INFO  LoginPage :138 - Enter last name : [[ChromeDriver: chrome on WINDOWS (34a6c138ee4f2b8ab25f694bad39b55e)] -> xpath: //input[@id='LastName']]
2022-05-16 13:05:875 INFO  LoginPage :151 - select date of birth : [[ChromeDriver: chrome on WINDOWS (34a6c138ee4f2b8ab25f694bad39b55e)] -> xpath: //select[@name='DateOfBirthDay']]
2022-05-16 13:05:979 INFO  LoginPage :155 - Select month of birth : [[ChromeDriver: chrome on WINDOWS (34a6c138ee4f2b8ab25f694bad39b55e)] -> xpath: //select[@name='DateOfBirthMonth']]
2022-05-16 13:05:78 INFO  LoginPage :159 - select year of birth : [[ChromeDriver: chrome on WINDOWS (34a6c138ee4f2b8ab25f694bad39b55e)] -> xpath: //select[@name='DateOfBirthYear']]
2022-05-16 13:05:197 INFO  LoginPage :147 - Enter email address : [[ChromeDriver: chrome on WINDOWS (34a6c138ee4f2b8ab25f694bad39b55e)] -> xpath: //input[@id='Email']]
2022-05-16 13:05:299 INFO  LoginPage :163 - Enter password : [[ChromeDriver: chrome on WINDOWS (34a6c138ee4f2b8ab25f694bad39b55e)] -> xpath: //input[@id='Password']]
2022-05-16 13:05:425 INFO  LoginPage :167 - Enter confirmed password : [[ChromeDriver: chrome on WINDOWS (34a6c138ee4f2b8ab25f694bad39b55e)] -> xpath: //input[@id='ConfirmPassword']]
2022-05-16 13:05:366 INFO  LoginPage :171 - verify registration message : [[ChromeDriver: chrome on WINDOWS (34a6c138ee4f2b8ab25f694bad39b55e)] -> xpath: //div[contains(text(),'Your registration completed')]]
2022-05-16 13:05:742 INFO  ManageDriver :32 - Launching Chrome Browser
2022-05-16 13:05:773 INFO  HomePage :48 - Clicking on login link : [[ChromeDriver: chrome on WINDOWS (f9802acec40c94648a744834d8b403b5)] -> link text: Log in]
2022-05-16 13:05:806 INFO  LoginPage :42 - Getting text from : [[ChromeDriver: chrome on WINDOWS (f9802acec40c94648a744834d8b403b5)] -> xpath: //h1[contains(text(),'Welcome, Please Sign In!')]]
2022-05-16 13:05:551 INFO  ManageDriver :32 - Launching Chrome Browser
2022-05-16 13:05:930 INFO  HomePage :48 - Clicking on login link : [[ChromeDriver: chrome on WINDOWS (c070ba77c7b02ce9c432519f3ba77c08)] -> link text: Log in]
2022-05-16 13:05:380 INFO  ManageDriver :32 - Launching Chrome Browser
2022-05-16 13:05:07 INFO  HomePage :53 - Clicking on register link : [[ChromeDriver: chrome on WINDOWS (0ebd78dec4c9aa18c414447e77ec91ac)] -> link text: Register]
2022-05-16 13:05:97 INFO  LoginPage :130 - select Gender : Female
2022-05-16 13:05:245 INFO  LoginPage :134 - Enter first name : [[ChromeDriver: chrome on WINDOWS (0ebd78dec4c9aa18c414447e77ec91ac)] -> xpath: //input[@id='FirstName']]
2022-05-16 13:05:405 INFO  LoginPage :138 - Enter last name : [[ChromeDriver: chrome on WINDOWS (0ebd78dec4c9aa18c414447e77ec91ac)] -> xpath: //input[@id='LastName']]
2022-05-16 13:05:548 INFO  LoginPage :151 - select date of birth : [[ChromeDriver: chrome on WINDOWS (0ebd78dec4c9aa18c414447e77ec91ac)] -> xpath: //select[@name='DateOfBirthDay']]
2022-05-16 13:05:646 INFO  LoginPage :155 - Select month of birth : [[ChromeDriver: chrome on WINDOWS (0ebd78dec4c9aa18c414447e77ec91ac)] -> xpath: //select[@name='DateOfBirthMonth']]
2022-05-16 13:05:750 INFO  LoginPage :159 - select year of birth : [[ChromeDriver: chrome on WINDOWS (0ebd78dec4c9aa18c414447e77ec91ac)] -> xpath: //select[@name='DateOfBirthYear']]
2022-05-16 13:05:867 INFO  LoginPage :147 - Enter email address : [[ChromeDriver: chrome on WINDOWS (0ebd78dec4c9aa18c414447e77ec91ac)] -> xpath: //input[@id='Email']]
2022-05-16 13:05:989 INFO  LoginPage :163 - Enter password : [[ChromeDriver: chrome on WINDOWS (0ebd78dec4c9aa18c414447e77ec91ac)] -> xpath: //input[@id='Password']]
2022-05-16 13:05:97 INFO  LoginPage :167 - Enter confirmed password : [[ChromeDriver: chrome on WINDOWS (0ebd78dec4c9aa18c414447e77ec91ac)] -> xpath: //input[@id='ConfirmPassword']]
2022-05-16 13:05:961 INFO  LoginPage :171 - verify registration message : [[ChromeDriver: chrome on WINDOWS (0ebd78dec4c9aa18c414447e77ec91ac)] -> xpath: //div[contains(text(),'Your registration completed')]]
2022-05-16 13:05:688 INFO  ManageDriver :32 - Launching Chrome Browser
2022-05-16 13:05:262 INFO  HomePage :42 - click on computer tab :[[ChromeDriver: chrome on WINDOWS (f501b1a1c883e386d9e99cde05d5c1d5)] -> xpath: //ul[@class='top-menu notmobile']//a[normalize-space()='Computers']]
2022-05-16 13:05:92 INFO  ManageDriver :32 - Launching Chrome Browser
2022-05-16 13:05:622 INFO  HomePage :42 - click on computer tab :[[ChromeDriver: chrome on WINDOWS (bbdfd273f4b41a40d592bc1bcca7dcbc)] -> xpath: //ul[@class='top-menu notmobile']//a[normalize-space()='Computers']]
2022-05-16 13:05:175 INFO  DesktopPage :22 - verifying desktop text :[[ChromeDriver: chrome on WINDOWS (bbdfd273f4b41a40d592bc1bcca7dcbc)] -> xpath: //h1[normalize-space()='Desktops']]
2022-05-16 13:05:931 INFO  ManageDriver :32 - Launching Chrome Browser
2022-05-16 13:05:628 INFO  HomePage :42 - click on computer tab :[[ChromeDriver: chrome on WINDOWS (300039ae75df08de47d8b2c807609bba)] -> xpath: //ul[@class='top-menu notmobile']//a[normalize-space()='Computers']]
2022-05-16 13:05:369 INFO  DesktopPage :27 - click on build your computer : [[ChromeDriver: chrome on WINDOWS (300039ae75df08de47d8b2c807609bba)] -> xpath: //h2[@class='product-title']//a[normalize-space()='Build your own computer']]
2022-05-16 13:05:343 INFO  BuildYourOwnComputerPage :64 - Select processor : [[ChromeDriver: chrome on WINDOWS (300039ae75df08de47d8b2c807609bba)] -> xpath: //dd[1]//select[1]]
2022-05-16 13:05:438 INFO  BuildYourOwnComputerPage :69 - Select ram : [[ChromeDriver: chrome on WINDOWS (300039ae75df08de47d8b2c807609bba)] -> xpath: //dd[2]//select[1]]
2022-05-16 13:05:511 INFO  BuildYourOwnComputerPage :78 - Select HDD : 320 GB
2022-05-16 13:05:652 INFO  BuildYourOwnComputerPage :97 - select software : Microsoft Office [+$50.00]
2022-05-16 13:05:328 INFO  ManageDriver :32 - Launching Chrome Browser
2022-05-16 13:05:164 INFO  HomePage :42 - click on computer tab :[[ChromeDriver: chrome on WINDOWS (ad01f4b6faf56d554b9101f495ede288)] -> xpath: //ul[@class='top-menu notmobile']//a[normalize-space()='Computers']]
2022-05-16 13:05:708 INFO  DesktopPage :27 - click on build your computer : [[ChromeDriver: chrome on WINDOWS (ad01f4b6faf56d554b9101f495ede288)] -> xpath: //h2[@class='product-title']//a[normalize-space()='Build your own computer']]
2022-05-16 13:05:594 INFO  BuildYourOwnComputerPage :64 - Select processor : [[ChromeDriver: chrome on WINDOWS (ad01f4b6faf56d554b9101f495ede288)] -> xpath: //dd[1]//select[1]]
2022-05-16 13:05:667 INFO  BuildYourOwnComputerPage :69 - Select ram : [[ChromeDriver: chrome on WINDOWS (ad01f4b6faf56d554b9101f495ede288)] -> xpath: //dd[2]//select[1]]
2022-05-16 13:05:757 INFO  BuildYourOwnComputerPage :78 - Select HDD : 400 GB [+$100.00]
2022-05-16 13:05:898 INFO  BuildYourOwnComputerPage :97 - select software : Acrobat Reader [+$10.00]
2022-05-16 13:05:602 INFO  ManageDriver :32 - Launching Chrome Browser
2022-05-16 13:05:650 INFO  HomePage :42 - click on computer tab :[[ChromeDriver: chrome on WINDOWS (724e126b773c3cabc08181609dbd7133)] -> xpath: //ul[@class='top-menu notmobile']//a[normalize-space()='Computers']]
2022-05-16 13:05:336 INFO  DesktopPage :27 - click on build your computer : [[ChromeDriver: chrome on WINDOWS (724e126b773c3cabc08181609dbd7133)] -> xpath: //h2[@class='product-title']//a[normalize-space()='Build your own computer']]
2022-05-16 13:05:290 INFO  BuildYourOwnComputerPage :64 - Select processor : [[ChromeDriver: chrome on WINDOWS (724e126b773c3cabc08181609dbd7133)] -> xpath: //dd[1]//select[1]]
2022-05-16 13:05:392 INFO  BuildYourOwnComputerPage :69 - Select ram : [[ChromeDriver: chrome on WINDOWS (724e126b773c3cabc08181609dbd7133)] -> xpath: //dd[2]//select[1]]
2022-05-16 13:05:505 INFO  BuildYourOwnComputerPage :78 - Select HDD : 320 GB
2022-05-16 13:05:672 INFO  BuildYourOwnComputerPage :97 - select software : Total Commander [+$5.00]
2022-05-16 13:05:370 INFO  ManageDriver :32 - Launching Chrome Browser
2022-05-16 13:05:490 INFO  HomePage :53 - Clicking on register link : [[ChromeDriver: chrome on WINDOWS (a6f49c7d4ce1f5dc59b3cc86f6e69e53)] -> link text: Register]
2022-05-16 13:05:287 INFO  ManageDriver :32 - Launching Chrome Browser
2022-05-16 13:05:625 INFO  HomePage :53 - Clicking on register link : [[ChromeDriver: chrome on WINDOWS (284f51026dddc5620a763d1018f8a540)] -> link text: Register]
2022-05-16 13:05:745 INFO  LoginPage :100 - verify firstname is required error message :[[ChromeDriver: chrome on WINDOWS (284f51026dddc5620a763d1018f8a540)] -> xpath: //span[@id='FirstName-error']]
2022-05-16 13:05:777 INFO  LoginPage :104 - verifying lastname is required error message :[[ChromeDriver: chrome on WINDOWS (284f51026dddc5620a763d1018f8a540)] -> xpath: //span[@id='LastName-error']]
2022-05-16 13:05:833 INFO  LoginPage :108 - verifying email is required error message :[[ChromeDriver: chrome on WINDOWS (284f51026dddc5620a763d1018f8a540)] -> xpath: //span[@id='Email-error']]
2022-05-16 13:05:857 INFO  LoginPage :113 - verifying password is required error message :[[ChromeDriver: chrome on WINDOWS (284f51026dddc5620a763d1018f8a540)] -> xpath: //span[@id='Password-error']]
2022-05-16 13:05:889 INFO  LoginPage :118 - verifying confirmed password is required error message :[[ChromeDriver: chrome on WINDOWS (284f51026dddc5620a763d1018f8a540)] -> xpath: //span[@id='ConfirmPassword-error']]
2022-05-16 13:05:628 INFO  ManageDriver :32 - Launching Chrome Browser
2022-05-16 13:05:172 INFO  HomePage :53 - Clicking on register link : [[ChromeDriver: chrome on WINDOWS (e02d66e68121465aa35a438ac1a55a52)] -> link text: Register]
2022-05-16 13:05:237 INFO  LoginPage :130 - select Gender : Female
2022-05-16 13:05:348 INFO  LoginPage :134 - Enter first name : [[ChromeDriver: chrome on WINDOWS (e02d66e68121465aa35a438ac1a55a52)] -> xpath: //input[@id='FirstName']]
2022-05-16 13:05:468 INFO  LoginPage :138 - Enter last name : [[ChromeDriver: chrome on WINDOWS (e02d66e68121465aa35a438ac1a55a52)] -> xpath: //input[@id='LastName']]
2022-05-16 13:05:583 INFO  LoginPage :151 - select date of birth : [[ChromeDriver: chrome on WINDOWS (e02d66e68121465aa35a438ac1a55a52)] -> xpath: //select[@name='DateOfBirthDay']]
2022-05-16 13:05:681 INFO  LoginPage :155 - Select month of birth : [[ChromeDriver: chrome on WINDOWS (e02d66e68121465aa35a438ac1a55a52)] -> xpath: //select[@name='DateOfBirthMonth']]
2022-05-16 13:05:787 INFO  LoginPage :159 - select year of birth : [[ChromeDriver: chrome on WINDOWS (e02d66e68121465aa35a438ac1a55a52)] -> xpath: //select[@name='DateOfBirthYear']]
2022-05-16 13:05:899 INFO  LoginPage :147 - Enter email address : [[ChromeDriver: chrome on WINDOWS (e02d66e68121465aa35a438ac1a55a52)] -> xpath: //input[@id='Email']]
2022-05-16 13:05:993 INFO  LoginPage :163 - Enter password : [[ChromeDriver: chrome on WINDOWS (e02d66e68121465aa35a438ac1a55a52)] -> xpath: //input[@id='Password']]
2022-05-16 13:05:75 INFO  LoginPage :167 - Enter confirmed password : [[ChromeDriver: chrome on WINDOWS (e02d66e68121465aa35a438ac1a55a52)] -> xpath: //input[@id='ConfirmPassword']]
2022-05-16 13:05:17 INFO  LoginPage :171 - verify registration message : [[ChromeDriver: chrome on WINDOWS (e02d66e68121465aa35a438ac1a55a52)] -> xpath: //div[contains(text(),'Your registration completed')]]
2022-05-16 23:05:876 INFO  ManageDriver :32 - Launching Chrome Browser
2022-05-16 23:05:512 INFO  HomePage :53 - Clicking on register link : [[ChromeDriver: chrome on WINDOWS (bd8fec218d592dd4ff8e741cb74bcd19)] -> link text: Register]
2022-05-16 23:05:724 INFO  LoginPage :100 - verify firstname is required error message :[[ChromeDriver: chrome on WINDOWS (bd8fec218d592dd4ff8e741cb74bcd19)] -> xpath: //span[@id='FirstName-error']]
2022-05-16 23:05:800 INFO  LoginPage :104 - verifying lastname is required error message :[[ChromeDriver: chrome on WINDOWS (bd8fec218d592dd4ff8e741cb74bcd19)] -> xpath: //span[@id='LastName-error']]
2022-05-16 23:05:842 INFO  LoginPage :108 - verifying email is required error message :[[ChromeDriver: chrome on WINDOWS (bd8fec218d592dd4ff8e741cb74bcd19)] -> xpath: //span[@id='Email-error']]
2022-05-16 23:05:878 INFO  LoginPage :113 - verifying password is required error message :[[ChromeDriver: chrome on WINDOWS (bd8fec218d592dd4ff8e741cb74bcd19)] -> xpath: //span[@id='Password-error']]
2022-05-16 23:05:918 INFO  LoginPage :118 - verifying confirmed password is required error message :[[ChromeDriver: chrome on WINDOWS (bd8fec218d592dd4ff8e741cb74bcd19)] -> xpath: //span[@id='ConfirmPassword-error']]
2022-05-16 23:05:422 INFO  ManageDriver :32 - Launching Chrome Browser
2022-05-17 00:05:856 INFO  HomePage :42 - click on computer tab :[[ChromeDriver: chrome on WINDOWS (a21a3008e37438329443e52014c2234c)] -> xpath: //ul[@class='top-menu notmobile']//a[normalize-space()='Computers']]
2022-05-17 00:05:724 INFO  ManageDriver :32 - Launching Chrome Browser
2022-05-17 00:05:578 INFO  HomePage :48 - Clicking on login link : [[ChromeDriver: chrome on WINDOWS (9646ef2d2a678be0ce2615bc984a6929)] -> link text: Log in]
2022-05-17 00:05:64 INFO  ManageDriver :32 - Launching Chrome Browser
2022-05-17 00:05:550 INFO  HomePage :53 - Clicking on register link : [[ChromeDriver: chrome on WINDOWS (1111eb0d151214609c574e99da087af3)] -> link text: Register]
2022-05-17 00:05:358 INFO  ManageDriver :32 - Launching Chrome Browser
2022-05-17 00:05:818 INFO  HomePage :53 - Clicking on register link : [[ChromeDriver: chrome on WINDOWS (d395f610d075ebc797e1f255acd5270a)] -> link text: Register]
2022-05-17 00:05:979 INFO  LoginPage :100 - verify firstname is required error message :[[ChromeDriver: chrome on WINDOWS (d395f610d075ebc797e1f255acd5270a)] -> xpath: //span[@id='FirstName-error']]
2022-05-17 00:05:56 INFO  LoginPage :104 - verifying lastname is required error message :[[ChromeDriver: chrome on WINDOWS (d395f610d075ebc797e1f255acd5270a)] -> xpath: //span[@id='LastName-error']]
2022-05-17 00:05:93 INFO  LoginPage :108 - verifying email is required error message :[[ChromeDriver: chrome on WINDOWS (d395f610d075ebc797e1f255acd5270a)] -> xpath: //span[@id='Email-error']]
2022-05-17 00:05:133 INFO  LoginPage :113 - verifying password is required error message :[[ChromeDriver: chrome on WINDOWS (d395f610d075ebc797e1f255acd5270a)] -> xpath: //span[@id='Password-error']]
2022-05-17 00:05:173 INFO  LoginPage :118 - verifying confirmed password is required error message :[[ChromeDriver: chrome on WINDOWS (d395f610d075ebc797e1f255acd5270a)] -> xpath: //span[@id='ConfirmPassword-error']]
2022-05-17 00:05:288 INFO  ManageDriver :32 - Launching Chrome Browser
2022-05-17 00:05:396 INFO  HomePage :48 - Clicking on login link : [[ChromeDriver: chrome on WINDOWS (215f024936f48f32183d455baabb1ad2)] -> link text: Log in]
2022-05-17 00:05:468 INFO  LoginPage :42 - Getting text from : [[ChromeDriver: chrome on WINDOWS (215f024936f48f32183d455baabb1ad2)] -> xpath: //h1[contains(text(),'Welcome, Please Sign In!')]]
2022-05-17 00:05:446 INFO  ManageDriver :32 - Launching Chrome Browser
2022-05-17 00:05:147 INFO  HomePage :42 - click on computer tab :[[ChromeDriver: chrome on WINDOWS (d5610edeb884fe7c6de8344b0760701c)] -> xpath: //ul[@class='top-menu notmobile']//a[normalize-space()='Computers']]
2022-05-17 00:05:19 INFO  ManageDriver :32 - Launching Chrome Browser
2022-05-17 00:05:439 INFO  HomePage :48 - Clicking on login link : [[ChromeDriver: chrome on WINDOWS (3de769501481d30993403c58891fecd3)] -> link text: Log in]
2022-05-17 00:05:839 INFO  ManageDriver :32 - Launching Chrome Browser
2022-05-17 00:05:140 INFO  HomePage :53 - Clicking on register link : [[ChromeDriver: chrome on WINDOWS (e7d15a5b078e6b2d2bc383acbc31eadb)] -> link text: Register]
2022-05-17 00:05:905 INFO  ManageDriver :32 - Launching Chrome Browser
2022-05-17 00:05:655 INFO  HomePage :53 - Clicking on register link : [[ChromeDriver: chrome on WINDOWS (a02bf0a6faba604cda29db7bbb3fc036)] -> link text: Register]
2022-05-17 00:05:800 INFO  LoginPage :100 - verify firstname is required error message :[[ChromeDriver: chrome on WINDOWS (a02bf0a6faba604cda29db7bbb3fc036)] -> xpath: //span[@id='FirstName-error']]
2022-05-17 00:05:859 INFO  LoginPage :104 - verifying lastname is required error message :[[ChromeDriver: chrome on WINDOWS (a02bf0a6faba604cda29db7bbb3fc036)] -> xpath: //span[@id='LastName-error']]
2022-05-17 00:05:890 INFO  LoginPage :108 - verifying email is required error message :[[ChromeDriver: chrome on WINDOWS (a02bf0a6faba604cda29db7bbb3fc036)] -> xpath: //span[@id='Email-error']]
2022-05-17 00:05:924 INFO  LoginPage :113 - verifying password is required error message :[[ChromeDriver: chrome on WINDOWS (a02bf0a6faba604cda29db7bbb3fc036)] -> xpath: //span[@id='Password-error']]
2022-05-17 00:05:956 INFO  LoginPage :118 - verifying confirmed password is required error message :[[ChromeDriver: chrome on WINDOWS (a02bf0a6faba604cda29db7bbb3fc036)] -> xpath: //span[@id='ConfirmPassword-error']]
2022-05-17 00:05:772 INFO  ManageDriver :32 - Launching Chrome Browser
2022-05-17 00:05:208 INFO  HomePage :48 - Clicking on login link : [[ChromeDriver: chrome on WINDOWS (1a8b3836bc27515d0fc7c454dfbada76)] -> link text: Log in]
2022-05-17 00:05:276 INFO  LoginPage :42 - Getting text from : [[ChromeDriver: chrome on WINDOWS (1a8b3836bc27515d0fc7c454dfbada76)] -> xpath: //h1[contains(text(),'Welcome, Please Sign In!')]]
2022-05-17 00:05:809 INFO  ManageDriver :32 - Launching Chrome Browser
2022-05-17 00:05:787 INFO  HomePage :42 - click on computer tab :[[ChromeDriver: chrome on WINDOWS (bc4e4b1f8f2467302e4efdc14cc5e290)] -> xpath: //ul[@class='top-menu notmobile']//a[normalize-space()='Computers']]
2022-05-17 00:05:384 INFO  DesktopPage :22 - verifying desktop text :[[ChromeDriver: chrome on WINDOWS (bc4e4b1f8f2467302e4efdc14cc5e290)] -> xpath: //h1[normalize-space()='Desktops']]
2022-05-17 00:05:173 INFO  ManageDriver :32 - Launching Chrome Browser
2022-05-17 00:05:505 INFO  HomePage :48 - Clicking on login link : [[ChromeDriver: chrome on WINDOWS (70c1a8eb8033bb48f6d43d48f7974b34)] -> link text: Log in]
2022-05-17 00:05:548 INFO  LoginPage :42 - Getting text from : [[ChromeDriver: chrome on WINDOWS (70c1a8eb8033bb48f6d43d48f7974b34)] -> xpath: //h1[contains(text(),'Welcome, Please Sign In!')]]
2022-05-17 00:05:251 INFO  ManageDriver :32 - Launching Chrome Browser
2022-05-17 00:05:10 INFO  HomePage :53 - Clicking on register link : [[ChromeDriver: chrome on WINDOWS (f5015f6b8a47e70592091240b5f9b81f)] -> link text: Register]
2022-05-17 00:05:101 INFO  LoginPage :130 - select Gender : Female
2022-05-17 00:05:216 INFO  LoginPage :134 - Enter first name : [[ChromeDriver: chrome on WINDOWS (f5015f6b8a47e70592091240b5f9b81f)] -> xpath: //input[@id='FirstName']]
2022-05-17 00:05:351 INFO  LoginPage :138 - Enter last name : [[ChromeDriver: chrome on WINDOWS (f5015f6b8a47e70592091240b5f9b81f)] -> xpath: //input[@id='LastName']]
2022-05-17 00:05:482 INFO  LoginPage :151 - select date of birth : [[ChromeDriver: chrome on WINDOWS (f5015f6b8a47e70592091240b5f9b81f)] -> xpath: //select[@name='DateOfBirthDay']]
2022-05-17 00:05:608 INFO  LoginPage :155 - Select month of birth : [[ChromeDriver: chrome on WINDOWS (f5015f6b8a47e70592091240b5f9b81f)] -> xpath: //select[@name='DateOfBirthMonth']]
2022-05-17 00:05:712 INFO  LoginPage :159 - select year of birth : [[ChromeDriver: chrome on WINDOWS (f5015f6b8a47e70592091240b5f9b81f)] -> xpath: //select[@name='DateOfBirthYear']]
2022-05-17 00:05:846 INFO  LoginPage :147 - Enter email address : [[ChromeDriver: chrome on WINDOWS (f5015f6b8a47e70592091240b5f9b81f)] -> xpath: //input[@id='Email']]
2022-05-17 00:05:971 INFO  LoginPage :163 - Enter password : [[ChromeDriver: chrome on WINDOWS (f5015f6b8a47e70592091240b5f9b81f)] -> xpath: //input[@id='Password']]
2022-05-17 00:05:85 INFO  LoginPage :167 - Enter confirmed password : [[ChromeDriver: chrome on WINDOWS (f5015f6b8a47e70592091240b5f9b81f)] -> xpath: //input[@id='ConfirmPassword']]
2022-05-17 00:05:890 INFO  LoginPage :171 - verify registration message : [[ChromeDriver: chrome on WINDOWS (f5015f6b8a47e70592091240b5f9b81f)] -> xpath: //div[contains(text(),'Your registration completed')]]
2022-05-17 00:05:566 INFO  ManageDriver :32 - Launching Chrome Browser
2022-05-17 00:05:672 INFO  HomePage :42 - click on computer tab :[[ChromeDriver: chrome on WINDOWS (42d07370086ddade387e7fdf4a1dcdc6)] -> xpath: //ul[@class='top-menu notmobile']//a[normalize-space()='Computers']]
2022-05-17 00:05:243 INFO  DesktopPage :27 - click on build your computer : [[ChromeDriver: chrome on WINDOWS (42d07370086ddade387e7fdf4a1dcdc6)] -> xpath: //h2[@class='product-title']//a[normalize-space()='Build your own computer']]
2022-05-17 00:05:252 INFO  BuildYourOwnComputerPage :64 - Select processor : [[ChromeDriver: chrome on WINDOWS (42d07370086ddade387e7fdf4a1dcdc6)] -> xpath: //dd[1]//select[1]]
2022-05-17 00:05:398 INFO  BuildYourOwnComputerPage :69 - Select ram : [[ChromeDriver: chrome on WINDOWS (42d07370086ddade387e7fdf4a1dcdc6)] -> xpath: //dd[2]//select[1]]
2022-05-17 00:05:509 INFO  BuildYourOwnComputerPage :78 - Select HDD : 320 GB
2022-05-17 00:05:697 INFO  BuildYourOwnComputerPage :97 - select software : Microsoft Office [+$50.00]
2022-05-17 00:05:442 INFO  ManageDriver :32 - Launching Chrome Browser
2022-05-17 00:05:281 INFO  HomePage :42 - click on computer tab :[[ChromeDriver: chrome on WINDOWS (fc8bcdf218eb5dcc51da462a65a67f9c)] -> xpath: //ul[@class='top-menu notmobile']//a[normalize-space()='Computers']]
2022-05-17 00:05:804 INFO  DesktopPage :27 - click on build your computer : [[ChromeDriver: chrome on WINDOWS (fc8bcdf218eb5dcc51da462a65a67f9c)] -> xpath: //h2[@class='product-title']//a[normalize-space()='Build your own computer']]
2022-05-17 00:05:727 INFO  BuildYourOwnComputerPage :64 - Select processor : [[ChromeDriver: chrome on WINDOWS (fc8bcdf218eb5dcc51da462a65a67f9c)] -> xpath: //dd[1]//select[1]]
2022-05-17 00:05:837 INFO  BuildYourOwnComputerPage :69 - Select ram : [[ChromeDriver: chrome on WINDOWS (fc8bcdf218eb5dcc51da462a65a67f9c)] -> xpath: //dd[2]//select[1]]
2022-05-17 00:05:938 INFO  BuildYourOwnComputerPage :78 - Select HDD : 400 GB [+$100.00]
2022-05-17 00:05:75 INFO  BuildYourOwnComputerPage :97 - select software : Acrobat Reader [+$10.00]
2022-05-17 00:05:830 INFO  ManageDriver :32 - Launching Chrome Browser
2022-05-17 00:05:264 INFO  HomePage :42 - click on computer tab :[[ChromeDriver: chrome on WINDOWS (7808cf4489aeb25606b7619dee08ef07)] -> xpath: //ul[@class='top-menu notmobile']//a[normalize-space()='Computers']]
2022-05-17 00:05:894 INFO  DesktopPage :27 - click on build your computer : [[ChromeDriver: chrome on WINDOWS (7808cf4489aeb25606b7619dee08ef07)] -> xpath: //h2[@class='product-title']//a[normalize-space()='Build your own computer']]
2022-05-17 00:05:843 INFO  BuildYourOwnComputerPage :64 - Select processor : [[ChromeDriver: chrome on WINDOWS (7808cf4489aeb25606b7619dee08ef07)] -> xpath: //dd[1]//select[1]]
2022-05-17 00:05:945 INFO  BuildYourOwnComputerPage :69 - Select ram : [[ChromeDriver: chrome on WINDOWS (7808cf4489aeb25606b7619dee08ef07)] -> xpath: //dd[2]//select[1]]
2022-05-17 00:05:45 INFO  BuildYourOwnComputerPage :78 - Select HDD : 320 GB
2022-05-17 00:05:250 INFO  BuildYourOwnComputerPage :97 - select software : Total Commander [+$5.00]
